e:\yfy\voidcrawler\voidcrawler\voidcrawler\x64\debug\vc145.pdb
e:\yfy\voidcrawler\voidcrawler\voidcrawler\x64\debug\vc145.idb
e:\yfy\voidcrawler\voidcrawler\voidcrawler\x64\debug\qrc_voidcrawler.obj
e:\yfy\voidcrawler\voidcrawler\voidcrawler\x64\debug\test.obj
e:\yfy\voidcrawler\voidcrawler\voidcrawler\x64\debug\loggermanger.obj
e:\yfy\voidcrawler\voidcrawler\voidcrawler\x64\debug\encryption.obj
e:\yfy\voidcrawler\voidcrawler\voidcrawler\x64\debug\mediaplayer.obj
e:\yfy\voidcrawler\voidcrawler\voidcrawler\x64\debug\configoperate.obj
e:\yfy\voidcrawler\voidcrawler\voidcrawler\x64\debug\voidcrawler.obj
e:\yfy\voidcrawler\voidcrawler\voidcrawler\x64\debug\privilegelevel.obj
e:\yfy\voidcrawler\voidcrawler\voidcrawler\x64\debug\keyhookthread.obj
e:\yfy\voidcrawler\voidcrawler\voidcrawler\x64\debug\smoothswitch.obj
e:\yfy\voidcrawler\voidcrawler\voidcrawler\x64\debug\core.obj
e:\yfy\voidcrawler\voidcrawler\voidcrawler\x64\debug\licenseagreementdialog.obj
e:\yfy\voidcrawler\voidcrawler\voidcrawler\x64\debug\functionset.obj
e:\yfy\voidcrawler\voidcrawler\voidcrawler\x64\debug\main.obj
e:\yfy\voidcrawler\voidcrawler\voidcrawler\x64\debug\moc_licenseagreementdialog.obj
e:\yfy\voidcrawler\voidcrawler\voidcrawler\x64\debug\moc_keyhookthread.obj
e:\yfy\voidcrawler\voidcrawler\voidcrawler\x64\debug\moc_voidcrawler.obj
e:\yfy\voidcrawler\voidcrawler\voidcrawler\x64\debug\moc_smoothswitch.obj
e:\yfy\voidcrawler\voidcrawler\voidcrawler\x64\debug\moc_mediaplayer.obj
e:\yfy\voidcrawler\voidcrawler\voidcrawler\x64\debug\glasseffectwindow.obj
e:\yfy\voidcrawler\voidcrawler\x64\debug\voidcrawler.exe
e:\yfy\voidcrawler\voidcrawler\x64\debug\voidcrawler.pdb
e:\yfy\voidcrawler\voidcrawler\voidcrawler\x64\debug\qt\moc\moc_cglasseffect .cpp
e:\yfy\voidcrawler\voidcrawler\voidcrawler\x64\debug\voidcrawler.res
e:\yfy\voidcrawler\voidcrawler\voidcrawler\x64\debug\qt\rcc\qrc_voidcrawler.cpp
e:\yfy\voidcrawler\voidcrawler\voidcrawler\x64\debug\qt\uic\ui_audioplayer.h
e:\yfy\voidcrawler\voidcrawler\voidcrawler\x64\debug\qt\uic\ui_voidcrawler.h
e:\yfy\voidcrawler\voidcrawler\voidcrawler\x64\debug\qt\moc\moc_smoothswitch.cpp
e:\yfy\voidcrawler\voidcrawler\voidcrawler\x64\debug\qt\moc\moc_licenseagreementdialog.cpp
e:\yfy\voidcrawler\voidcrawler\voidcrawler\x64\debug\qt\moc\moc_keyhookthread.cpp
e:\yfy\voidcrawler\voidcrawler\voidcrawler\x64\debug\qt\moc\moc_mediaplayer.cpp
e:\yfy\voidcrawler\voidcrawler\voidcrawler\x64\debug\qt\moc\moc_voidcrawler.cpp
e:\yfy\voidcrawler\voidcrawler\x64\debug\fmtd.dll
e:\yfy\voidcrawler\voidcrawler\voidcrawler\x64\debug\qt\moc\moc_glasseffectwindow.cpp
e:\yfy\voidcrawler\voidcrawler\voidcrawler\x64\debug\voidcrawler.ilk
e:\yfy\voidcrawler\voidcrawler\voidcrawler\x64\debug\moc_glasseffectwindow.obj
e:\yfy\voidcrawler\voidcrawler\voidcrawler\x64\debug\voidcrawler.tlog\cl.command.1.tlog
e:\yfy\voidcrawler\voidcrawler\voidcrawler\x64\debug\voidcrawler.tlog\cl.items.tlog
e:\yfy\voidcrawler\voidcrawler\voidcrawler\x64\debug\voidcrawler.tlog\cl.read.1.tlog
e:\yfy\voidcrawler\voidcrawler\voidcrawler\x64\debug\voidcrawler.tlog\cl.write.1.tlog
e:\yfy\voidcrawler\voidcrawler\voidcrawler\x64\debug\voidcrawler.tlog\link.command.1.tlog
e:\yfy\voidcrawler\voidcrawler\voidcrawler\x64\debug\voidcrawler.tlog\link.read.1.tlog
e:\yfy\voidcrawler\voidcrawler\voidcrawler\x64\debug\voidcrawler.tlog\link.secondary.1.tlog
e:\yfy\voidcrawler\voidcrawler\voidcrawler\x64\debug\voidcrawler.tlog\link.write.1.tlog
e:\yfy\voidcrawler\voidcrawler\voidcrawler\x64\debug\voidcrawler.tlog\moc.read.1u.tlog
e:\yfy\voidcrawler\voidcrawler\voidcrawler\x64\debug\voidcrawler.tlog\moc.write.1u.tlog
e:\yfy\voidcrawler\voidcrawler\voidcrawler\x64\debug\voidcrawler.tlog\rc.command.1.tlog
e:\yfy\voidcrawler\voidcrawler\voidcrawler\x64\debug\voidcrawler.tlog\rc.read.1.tlog
e:\yfy\voidcrawler\voidcrawler\voidcrawler\x64\debug\voidcrawler.tlog\rc.write.1.tlog
e:\yfy\voidcrawler\voidcrawler\voidcrawler\x64\debug\voidcrawler.tlog\rcc.read.1u.tlog
e:\yfy\voidcrawler\voidcrawler\voidcrawler\x64\debug\voidcrawler.tlog\rcc.write.1u.tlog
e:\yfy\voidcrawler\voidcrawler\voidcrawler\x64\debug\voidcrawler.tlog\uic.read.1u.tlog
e:\yfy\voidcrawler\voidcrawler\voidcrawler\x64\debug\voidcrawler.tlog\uic.write.1u.tlog
e:\yfy\voidcrawler\voidcrawler\voidcrawler\x64\debug\voidcrawler.tlog\voidcrawler.write.1u.tlog
