e:\yfy\voidcrawler\voidcrawler\voidcrawler\x64\release\vc145.pdb
e:\yfy\voidcrawler\voidcrawler\voidcrawler\x64\release\qrc_voidcrawler.obj
e:\yfy\voidcrawler\voidcrawler\voidcrawler\x64\release\functionset.obj
e:\yfy\voidcrawler\voidcrawler\voidcrawler\x64\release\configoperate.obj
e:\yfy\voidcrawler\voidcrawler\voidcrawler\x64\release\main.obj
e:\yfy\voidcrawler\voidcrawler\voidcrawler\x64\release\encryption.obj
e:\yfy\voidcrawler\voidcrawler\voidcrawler\x64\release\smoothswitch.obj
e:\yfy\voidcrawler\voidcrawler\voidcrawler\x64\release\keyhookthread.obj
e:\yfy\voidcrawler\voidcrawler\voidcrawler\x64\release\loggermanger.obj
e:\yfy\voidcrawler\voidcrawler\voidcrawler\x64\release\privilegelevel.obj
e:\yfy\voidcrawler\voidcrawler\voidcrawler\x64\release\test.obj
e:\yfy\voidcrawler\voidcrawler\voidcrawler\x64\release\voidcrawler.obj
e:\yfy\voidcrawler\voidcrawler\voidcrawler\x64\release\mediaplayer.obj
e:\yfy\voidcrawler\voidcrawler\voidcrawler\x64\release\core.obj
e:\yfy\voidcrawler\voidcrawler\voidcrawler\x64\release\licenseagreementdialog.obj
e:\yfy\voidcrawler\voidcrawler\voidcrawler\x64\release\moc_mediaplayer.obj
e:\yfy\voidcrawler\voidcrawler\voidcrawler\x64\release\moc_licenseagreementdialog.obj
e:\yfy\voidcrawler\voidcrawler\voidcrawler\x64\release\moc_voidcrawler.obj
e:\yfy\voidcrawler\voidcrawler\voidcrawler\x64\release\moc_keyhookthread.obj
e:\yfy\voidcrawler\voidcrawler\voidcrawler\x64\release\moc_smoothswitch.obj
e:\yfy\voidcrawler\voidcrawler\x64\release\voidcrawler.exe
e:\yfy\voidcrawler\voidcrawler\voidcrawler\x64\release\qt\moc\moc_smoothswitch.cpp
e:\yfy\voidcrawler\voidcrawler\voidcrawler\x64\release\qt\moc\moc_licenseagreementdialog.cpp
e:\yfy\voidcrawler\voidcrawler\voidcrawler\x64\release\qt\moc\moc_keyhookthread.cpp
e:\yfy\voidcrawler\voidcrawler\voidcrawler\x64\release\qt\moc\moc_mediaplayer.cpp
e:\yfy\voidcrawler\voidcrawler\voidcrawler\x64\release\qt\moc\moc_voidcrawler.cpp
e:\yfy\voidcrawler\voidcrawler\voidcrawler\x64\release\voidcrawler.res
e:\yfy\voidcrawler\voidcrawler\voidcrawler\x64\release\qt\rcc\qrc_voidcrawler.cpp
e:\yfy\voidcrawler\voidcrawler\voidcrawler\x64\release\qt\uic\ui_audioplayer.h
e:\yfy\voidcrawler\voidcrawler\voidcrawler\x64\release\qt\uic\ui_voidcrawler.h
e:\yfy\voidcrawler\voidcrawler\x64\release\fmt.dll
e:\yfy\voidcrawler\voidcrawler\voidcrawler\x64\release\voidcrawler.ipdb
e:\yfy\voidcrawler\voidcrawler\voidcrawler\x64\release\voidcrawler.iobj
e:\yfy\voidcrawler\voidcrawler\voidcrawler\x64\release\voidcrawler.tlog\cl.command.1.tlog
e:\yfy\voidcrawler\voidcrawler\voidcrawler\x64\release\voidcrawler.tlog\cl.items.tlog
e:\yfy\voidcrawler\voidcrawler\voidcrawler\x64\release\voidcrawler.tlog\cl.read.1.tlog
e:\yfy\voidcrawler\voidcrawler\voidcrawler\x64\release\voidcrawler.tlog\cl.write.1.tlog
e:\yfy\voidcrawler\voidcrawler\voidcrawler\x64\release\voidcrawler.tlog\link.command.1.tlog
e:\yfy\voidcrawler\voidcrawler\voidcrawler\x64\release\voidcrawler.tlog\link.read.1.tlog
e:\yfy\voidcrawler\voidcrawler\voidcrawler\x64\release\voidcrawler.tlog\link.secondary.1.tlog
e:\yfy\voidcrawler\voidcrawler\voidcrawler\x64\release\voidcrawler.tlog\link.write.1.tlog
e:\yfy\voidcrawler\voidcrawler\voidcrawler\x64\release\voidcrawler.tlog\moc.read.1u.tlog
e:\yfy\voidcrawler\voidcrawler\voidcrawler\x64\release\voidcrawler.tlog\moc.write.1u.tlog
e:\yfy\voidcrawler\voidcrawler\voidcrawler\x64\release\voidcrawler.tlog\rc.command.1.tlog
e:\yfy\voidcrawler\voidcrawler\voidcrawler\x64\release\voidcrawler.tlog\rc.read.1.tlog
e:\yfy\voidcrawler\voidcrawler\voidcrawler\x64\release\voidcrawler.tlog\rc.write.1.tlog
e:\yfy\voidcrawler\voidcrawler\voidcrawler\x64\release\voidcrawler.tlog\rcc.read.1u.tlog
e:\yfy\voidcrawler\voidcrawler\voidcrawler\x64\release\voidcrawler.tlog\rcc.write.1u.tlog
e:\yfy\voidcrawler\voidcrawler\voidcrawler\x64\release\voidcrawler.tlog\uic.read.1u.tlog
e:\yfy\voidcrawler\voidcrawler\voidcrawler\x64\release\voidcrawler.tlog\uic.write.1u.tlog
e:\yfy\voidcrawler\voidcrawler\voidcrawler\x64\release\voidcrawler.tlog\voidcrawler.write.1u.tlog
