   Qt/MSBuild: 3.4.1.0
  Reading Qt configuration (E:/Qt/6.5.3/msvc2019_64/bin/qmake)
   Qt: 6.5.3
  uic AudioPlayer.ui
  uic VoidCrawler.ui
  rcc VoidCrawler.qrc
  moc SmoothSwitch.h
  moc LicenseAgreementDialog.h
  moc keyhookthread.h
  moc MediaPlayer.h
  moc VoidCrawler.h
  configOperate.cpp
  Core.cpp
  Encryption.cpp
  FunctionSet.cpp
  keyhookthread.cpp
  LicenseAgreementDialog.cpp
  LoggerManger.cpp
  MediaPlayer.cpp
  PrivilegeLevel.cpp
  SmoothSwitch.cpp
  test.cpp
  VoidCrawler.cpp
  main.cpp
  qrc_VoidCrawler.cpp
  moc_SmoothSwitch.cpp
  moc_LicenseAgreementDialog.cpp
  moc_keyhookthread.cpp
  moc_MediaPlayer.cpp
  moc_VoidCrawler.cpp
  正在生成代码
  Previous IPDB not found, fall back to full compilation.
  All 5600 functions were compiled because no usable IPDB/IOBJ from previous compilation was found.
  已完成代码的生成
  VoidCrawler.vcxproj -> E:\YFY\VoidCrawler\VoidCrawler\x64\Release\VoidCrawler.exe
