2025-11-08 14:17:47,320.320 - root - DEBUG - [main.py:395] - <module> - Run VoidCrawler Client!
2025-11-08 14:17:47,383.383 - root - DEBUG - [main.py:1395] - <module> - VoidCrawler Client initialization completed!
2025-11-08 14:17:56,536.536 - root - DEBUG - [main.py:395] - <module> - Run VoidCrawler Client!
2025-11-08 14:17:56,599.599 - root - DEBUG - [main.py:1395] - <module> - VoidCrawler Client initialization completed!
2025-11-08 14:17:56,600.600 - root - DEBUG - [FunctionLibrary.py:101] - start - 全局热键监听已启动...
2025-11-08 14:18:04,879.879 - root - DEBUG - [main.py:1245] - on_button_click - 点击 ClientConfiguration 按钮
2025-11-08 14:18:16,957.957 - root - DEBUG - [main.py:1245] - on_button_click - 点击 ClientConfiguration 按钮
2025-11-08 14:21:57,422.422 - root - DEBUG - [main.py:395] - <module> - Run VoidCrawler Client!
2025-11-08 14:21:57,493.493 - root - DEBUG - [main.py:1397] - <module> - VoidCrawler Client initialization completed!
2025-11-08 14:21:57,493.493 - root - DEBUG - [FunctionLibrary.py:101] - start - 全局热键监听已启动...
2025-11-08 14:22:33,273.273 - root - DEBUG - [main.py:395] - <module> - Run VoidCrawler Client!
2025-11-08 14:22:33,343.343 - root - DEBUG - [main.py:1397] - <module> - VoidCrawler Client initialization completed!
2025-11-08 14:22:33,343.343 - root - DEBUG - [FunctionLibrary.py:101] - start - 全局热键监听已启动...
2025-11-08 14:22:37,080.080 - root - DEBUG - [main.py:1247] - on_button_click - 点击 ClientConfiguration 按钮
2025-11-08 14:22:52,410.410 - root - DEBUG - [main.py:395] - <module> - Run VoidCrawler Client!
2025-11-08 14:22:52,479.479 - root - DEBUG - [main.py:1397] - <module> - VoidCrawler Client initialization completed!
2025-11-08 14:22:52,479.479 - root - DEBUG - [FunctionLibrary.py:101] - start - 全局热键监听已启动...
2025-11-08 14:22:55,340.340 - root - DEBUG - [main.py:1247] - on_button_click - 点击 ClientConfiguration 按钮
2025-11-08 14:23:24,955.955 - root - DEBUG - [main.py:395] - <module> - Run VoidCrawler Client!
2025-11-08 14:23:25,034.034 - root - DEBUG - [main.py:1397] - <module> - VoidCrawler Client initialization completed!
2025-11-08 14:23:25,036.036 - root - DEBUG - [FunctionLibrary.py:101] - start - 全局热键监听已启动...
2025-11-08 14:23:35,667.667 - root - DEBUG - [main.py:395] - <module> - Run VoidCrawler Client!
2025-11-08 14:23:35,730.730 - root - DEBUG - [main.py:1397] - <module> - VoidCrawler Client initialization completed!
2025-11-08 14:23:35,741.741 - root - DEBUG - [FunctionLibrary.py:101] - start - 全局热键监听已启动...
2025-11-08 14:24:01,868.868 - root - DEBUG - [main.py:395] - <module> - Run VoidCrawler Client!
2025-11-08 14:24:01,941.941 - root - DEBUG - [main.py:1397] - <module> - VoidCrawler Client initialization completed!
2025-11-08 14:24:01,941.941 - root - DEBUG - [FunctionLibrary.py:101] - start - 全局热键监听已启动...
2025-11-08 14:24:28,895.895 - root - DEBUG - [main.py:395] - <module> - Run VoidCrawler Client!
2025-11-08 14:24:28,964.964 - root - DEBUG - [main.py:1397] - <module> - VoidCrawler Client initialization completed!
2025-11-08 14:24:28,964.964 - root - DEBUG - [FunctionLibrary.py:101] - start - 全局热键监听已启动...
2025-11-08 14:24:48,667.667 - root - DEBUG - [main.py:1247] - on_button_click - 点击 ResetConfig 按钮
2025-11-08 15:04:08,344.344 - root - DEBUG - [main.py:394] - <module> - Run VoidCrawler Client!
2025-11-08 15:04:08,413.413 - root - DEBUG - [main.py:1396] - <module> - VoidCrawler Client initialization completed!
2025-11-08 15:04:08,414.414 - root - DEBUG - [FunctionLibrary.py:101] - start - 全局热键监听已启动...
2025-11-08 16:35:02,142.142 - root - DEBUG - [main.py:395] - <module> - Run VoidCrawler Client!
2025-11-08 16:35:02,226.226 - root - DEBUG - [main.py:1409] - <module> - VoidCrawler Client initialization completed!
2025-11-08 16:35:02,226.226 - root - DEBUG - [FunctionLibrary.py:103] - start - 全局热键监听已启动...
2025-11-08 16:52:26,428.428 - root - DEBUG - [main.py:398] - <module> - Run VoidCrawler Client!
2025-11-08 16:52:26,498.498 - root - DEBUG - [main.py:1442] - <module> - VoidCrawler Client initialization completed!
2025-11-08 16:52:26,499.499 - root - DEBUG - [FunctionLibrary.py:103] - start - 全局热键监听已启动...
2025-11-08 17:00:58,039.039 - root - DEBUG - [main.py:398] - <module> - Run VoidCrawler Client!
2025-11-08 17:00:58,108.108 - root - DEBUG - [main.py:1449] - <module> - VoidCrawler Client initialization completed!
2025-11-08 17:00:58,109.109 - root - DEBUG - [FunctionLibrary.py:103] - start - 全局热键监听已启动...
2025-11-08 17:00:59,688.688 - root - DEBUG - [main.py:1307] - on_button_right_click - 右键点击 ToggleWindowInvisibility 按钮，位置: PyQt5.QtCore.QPoint(345, 35)
2025-11-08 17:01:01,192.192 - root - DEBUG - [main.py:1307] - on_button_right_click - 右键点击 ToggleWindowInvisibility 按钮，位置: PyQt5.QtCore.QPoint(435, 7)
2025-11-08 17:01:17,106.106 - root - DEBUG - [main.py:398] - <module> - Run VoidCrawler Client!
2025-11-08 17:01:17,173.173 - root - DEBUG - [main.py:1449] - <module> - VoidCrawler Client initialization completed!
2025-11-08 17:01:17,173.173 - root - DEBUG - [FunctionLibrary.py:103] - start - 全局热键监听已启动...
2025-11-08 17:02:42,763.763 - root - DEBUG - [main.py:398] - <module> - Run VoidCrawler Client!
2025-11-08 17:02:42,833.833 - root - DEBUG - [main.py:1449] - <module> - VoidCrawler Client initialization completed!
2025-11-08 17:02:42,833.833 - root - DEBUG - [FunctionLibrary.py:103] - start - 全局热键监听已启动...
2025-11-08 17:04:07,901.901 - root - DEBUG - [main.py:398] - <module> - Run VoidCrawler Client!
2025-11-08 17:04:07,969.969 - root - DEBUG - [main.py:1449] - <module> - VoidCrawler Client initialization completed!
2025-11-08 17:04:07,970.970 - root - DEBUG - [FunctionLibrary.py:103] - start - 全局热键监听已启动...
2025-11-08 17:04:42,698.698 - root - DEBUG - [main.py:398] - <module> - Run VoidCrawler Client!
2025-11-08 17:04:42,774.774 - root - DEBUG - [main.py:1449] - <module> - VoidCrawler Client initialization completed!
2025-11-08 17:04:42,776.776 - root - DEBUG - [FunctionLibrary.py:103] - start - 全局热键监听已启动...
2025-11-08 17:06:34,748.748 - root - DEBUG - [main.py:398] - <module> - Run VoidCrawler Client!
2025-11-08 17:06:34,815.815 - root - DEBUG - [main.py:1449] - <module> - VoidCrawler Client initialization completed!
2025-11-08 17:06:34,815.815 - root - DEBUG - [FunctionLibrary.py:103] - start - 全局热键监听已启动...
2025-11-08 17:06:50,058.058 - root - DEBUG - [main.py:398] - <module> - Run VoidCrawler Client!
2025-11-08 17:06:50,129.129 - root - DEBUG - [main.py:1448] - <module> - VoidCrawler Client initialization completed!
2025-11-08 17:06:50,129.129 - root - DEBUG - [FunctionLibrary.py:103] - start - 全局热键监听已启动...
2025-11-08 17:07:00,036.036 - root - DEBUG - [main.py:1296] - on_button_click - 切换 ToggleWindowInvisibility 状态：1
2025-11-08 17:07:07,622.622 - root - DEBUG - [main.py:1296] - on_button_click - 切换 ToggleWindowInvisibility 状态：2
2025-11-08 17:07:11,199.199 - root - DEBUG - [main.py:1296] - on_button_click - 切换 ToggleWindowInvisibility 状态：1
2025-11-08 17:07:14,114.114 - root - DEBUG - [main.py:1296] - on_button_click - 切换 ToggleWindowInvisibility 状态：2
2025-11-08 17:07:23,614.614 - root - DEBUG - [main.py:1296] - on_button_click - 切换 ToggleWindowInvisibility 状态：1
2025-11-08 17:07:26,401.401 - root - DEBUG - [main.py:1296] - on_button_click - 切换 ToggleWindowInvisibility 状态：2
2025-11-08 17:07:28,937.937 - root - DEBUG - [main.py:1296] - on_button_click - 切换 ToggleWindowInvisibility 状态：1
2025-11-08 17:07:31,487.487 - root - DEBUG - [main.py:1296] - on_button_click - 切换 ToggleWindowInvisibility 状态：2
2025-11-08 10:51:15,463.463 - root - DEBUG - [main.py:398] - <module> - Run VoidCrawler Client!
2025-11-08 10:51:15,637.637 - root - DEBUG - [main.py:1445] - <module> - VoidCrawler Client initialization completed!
2025-11-08 10:51:15,639.639 - root - DEBUG - [FunctionLibrary.py:103] - start - 全局热键监听已启动...
